#
# A fatal error has been detected by the Java Runtime Environment:
#
#  EXCEPTION_ACCESS_VIOLATION (0xc0000005) at pc=0x00007ffb006a3004, pid=4928, tid=5152
#
# JRE version: OpenJDK Runtime Environment (24.0+36) (build 24+36-3646)
# Java VM: OpenJDK 64-Bit Server VM (24+36-3646, mixed mode, sharing, tiered, compressed oops, compressed class ptrs, g1 gc, windows-amd64)
# Problematic frame:
# C  [libasyncProfiler.dll+0x93004]
#
# No core dump will be written. Minidumps are not enabled by default on client versions of Windows
#
# JFR recording file will be written. Location: C:\Users\moham\Documents\Kuliah STIS\Semester 4\PBO\PROSES PROJEK AKHIR\Mungkin-Akhir\demo13\demo6\hs_err_pid4928.jfr
#
# If you would like to submit a bug report, please visit:
#   https://bugreport.java.com/bugreport/crash.jsp
# The crash happened outside the Java Virtual Machine in native code.
# See problematic frame for where to report the bug.
#

---------------  S U M M A R Y ------------

Command Line: --enable-preview -javaagent:C:\Program Files\JetBrains\IntelliJ IDEA 2024.3.4.1\lib\idea_rt.jar=53828 -agentpath:C:\Users\moham\AppData\Local\Temp\idea_libasyncProfiler_dll_temp_folder4\libasyncProfiler.dll=start,jfr,event=wall,interval=10ms,jfrsync=profile,cstack=no,file=C:\Users\moham\IdeaSnapshots\Main_2025_07_04_151104.jfr,dbghelppath=C:\Users\moham\AppData\Local\Temp\idea_dbghelp_dll_temp_folder\dbghelp.dll,log=C:\Users\moham\AppData\Local\Temp\Main_2025_07_04_151104.jfr.log.txt,logLevel=DEBUG -Dfile.encoding=UTF-8 -Dsun.stdout.encoding=UTF-8 -Dsun.stderr.encoding=UTF-8 --module-path=C:\Users\moham\.m2\repository\net\synedra\validatorfx\0.5.0\validatorfx-0.5.0.jar;C:\Users\moham\.m2\repository\eu\hansolo\toolboxfx\21.0.3\toolboxfx-21.0.3.jar;C:\Users\moham\Documents\Kuliah STIS\Semester 4\PBO\PROSES PROJEK AKHIR\Mungkin-Akhir\demo13\demo6\target\classes;C:\Users\moham\.m2\repository\org\openjfx\javafx-fxml\17.0.6\javafx-fxml-17.0.6-win.jar;C:\Users\moham\.m2\repository\org\openjfx\javafx-base\17.0.6\javafx-base-17.0.6-win.jar;C:\Users\moham\.m2\repository\org\openjfx\javafx-controls\17.0.6\javafx-controls-17.0.6-win.jar;C:\Users\moham\.m2\repository\org\openjfx\javafx-web\17.0.6\javafx-web-17.0.6-win.jar;C:\Users\moham\.m2\repository\org\kordamp\bootstrapfx\bootstrapfx-core\0.4.0\bootstrapfx-core-0.4.0.jar;C:\Users\moham\.m2\repository\org\openjfx\javafx-graphics\17.0.6\javafx-graphics-17.0.6-win.jar;C:\Users\moham\.m2\repository\org\controlsfx\controlsfx\11.2.1\controlsfx-11.2.1.jar;C:\Users\moham\.m2\repository\org\openjfx\javafx-swing\17.0.6\javafx-swing-17.0.6-win.jar;C:\Users\moham\.m2\repository\com\dlsc\formsfx\formsfx-core\11.6.0\formsfx-core-11.6.0.jar;C:\Users\moham\.m2\repository\eu\hansolo\fx\heatmap\21.0.3\heatmap-21.0.3.jar;C:\Users\moham\.m2\repository\org\openjfx\javafx-media\17.0.6\javafx-media-17.0.6-win.jar;C:\Users\moham\.m2\repository\eu\hansolo\fx\countries\21.0.3\countries-21.0.3.jar;C:\Users\moham\.m2\repository\eu\hansolo\tilesfx\21.0.3\tilesfx-21.0.3.jar;C:\Users\moham\.m2\repository\org\mindrot\jbcrypt\0.4\jbcrypt-0.4.jar;C:\Users\moham\.m2\repository\org\kordamp\ikonli\ikonli-javafx\12.3.1\ikonli-javafx-12.3.1.jar;C:\Users\moham\.m2\repository\org\kordamp\ikonli\ikonli-core\12.3.1\ikonli-core-12.3.1.jar;C:\Users\moham\.m2\repository\eu\hansolo\toolbox\21.0.5\toolbox-21.0.5.jar -Djdk.module.main=com.demo5 com.demo5/com.attendance.Main

Host: AMD Ryzen 5 5625U with Radeon Graphics         , 12 cores, 7G,  Windows 11 , 64 bit Build 26100 (10.0.26100.4202)
Time: Fri Jul  4 15:11:05 2025 SE Asia Standard Time elapsed time: 1.014591 seconds (0d 0h 0m 1s)

---------------  T H R E A D  ---------------

Current thread (0x000001fae6ff0970):  JavaThread "main"             [_thread_in_native, id=5152, stack(0x000000f335d00000,0x000000f335e00000) (1024K)]

Stack: [0x000000f335d00000,0x000000f335e00000],  sp=0x000000f335dfe680,  free space=1017k
Native frames: (J=compiled Java code, j=interpreted, Vv=VM code, C=native code)
C  [libasyncProfiler.dll+0x93004]  (no source info available)
C  [libasyncProfiler.dll+0x934db]  (no source info available)
C  [libasyncProfiler.dll+0x92134]  (no source info available)
C  [libasyncProfiler.dll+0x929aa]  (no source info available)
C  [libasyncProfiler.dll+0x8d561]  (no source info available)
C  [libasyncProfiler.dll+0x7ef21]  (no source info available)
C  [libasyncProfiler.dll+0x7dc38]  (no source info available)
C  [libasyncProfiler.dll+0x7db20]  (no source info available)
C  [libasyncProfiler.dll+0x83c3c]  (no source info available)
V  [jvm.dll+0x5e3a5e]  (no source info available)
V  [jvm.dll+0x8861e6]  (no source info available)
V  [jvm.dll+0x49604e]  (no source info available)
V  [jvm.dll+0x497e21]  (no source info available)
C  [jli.dll+0x52a1]  (no source info available)
C  [ucrtbase.dll+0x37b0]  (no source info available)
C  [KERNEL32.DLL+0x2e8d7]  (no source info available)
C  [ntdll.dll+0x3c34c]  (no source info available)


siginfo: EXCEPTION_ACCESS_VIOLATION (0xc0000005), reading address 0xffffffffffffffff


Registers:
RAX=0x0000000000000010, RBX=0x0000000000000000, RCX=0xffffffffffffffff, RDX=0x007ffac7142ff010
RSP=0x000000f335dfe680, RBP=0x000001facb78a208, RSI=0x000000f335dfe7f0, RDI=0x000001facb78a208
R8 =0x0000000000000042, R9 =0x0000000091b01ee8, R10=0x00007ffac73b9fc0, R11=0x0000000000000002
R12=0x000000f335dfe7f0, R13=0x000001fae4f899b0, R14=0x000001fae6ff0d38, R15=0x000001fae6ff0d38
RIP=0x00007ffb006a3004, EFLAGS=0x0000000000010202

XMM[0]=0x0000000000000000 0x0000000000000000
XMM[1]=0x0000000000000000 0x0000000000000000
XMM[2]=0x0000000000000000 0x0000000000000000
XMM[3]=0x0000000000000000 0x0000000000000000
XMM[4]=0x0000000000000000 0x0000000000000000
XMM[5]=0x0000000000000000 0x0000000000000000
XMM[6]=0x0000000000000000 0x0000000000000000
XMM[7]=0x0000000000000000 0x0000000000000000
XMM[8]=0x0000000000000000 0x0000000000000000
XMM[9]=0x0000000000000000 0x0000000000000000
XMM[10]=0x0000000000000000 0x0000000000000000
XMM[11]=0x0000000000000000 0x0000000000000000
XMM[12]=0x0000000000000000 0x0000000000000000
XMM[13]=0x0000000000000000 0x0000000000000000
XMM[14]=0x0000000000000000 0x0000000000000000
XMM[15]=0x0000000000000000 0x0000000000000000
  MXCSR=0x00001fa0


Register to memory mapping:

RAX=0x0000000000000010 is an unknown value
RBX=0x0 is null
RCX=0xffffffffffffffff is an unknown value
RDX=0x007ffac7142ff010 is an unknown value
RSP=0x000000f335dfe680 is pointing into the stack for thread: 0x000001fae6ff0970
RBP=0x000001facb78a208 points into unknown readable memory: 0x0000000091b01ee8 | e8 1e b0 91 00 00 00 00
RSI=0x000000f335dfe7f0 is pointing into the stack for thread: 0x000001fae6ff0970
RDI=0x000001facb78a208 points into unknown readable memory: 0x0000000091b01ee8 | e8 1e b0 91 00 00 00 00
R8 =0x0000000000000042 is an unknown value
R9 =0x0000000091b01ee8 is an oop: java.lang.Thread 
{0x0000000091b01ee8} - klass: 'java/lang/Thread' - flags: 

 - ---- fields (total size 14 words):
 - 'threadLocalRandomProbe' 'I' @12  0 (0x00000000)
 - private volatile 'eetop' 'J' @16  2177128925552 (0x000001fae6ff0970)
 - private final 'tid' 'J' @24  3 (0x0000000000000003)
 - 'threadLocalRandomSeed' 'J' @32  0 (0x0000000000000000)
 - injected 'jvmti_thread_state' 'J' @40  2177094167904 (0x000001fae4ecad60)
 - 'threadLocalRandomSecondarySeed' 'I' @48  0 (0x00000000)
 - injected 'jvmti_VTMS_transition_disable_count' 'I' @52  0 (0x00000000)
 - injected 'jfr_epoch' 'S' @56  0 (0x0000)
 - volatile 'interrupted' 'Z' @58  false (0x00)
 - injected 'jvmti_is_in_VTMS_transition' 'Z' @59  false (0x00)
 - private volatile 'name' 'Ljava/lang/String;' @60  "main"{0x0000000091b01f58} (0x91b01f58)
 - private volatile 'contextClassLoader' 'Ljava/lang/ClassLoader;' @64  a 'jdk/internal/loader/ClassLoaders$AppClassLoader'{0x0000000091b1d150} (0x91b1d150)
 - private final 'holder' 'Ljava/lang/Thread$FieldHolder;' @68  a 'java/lang/Thread$FieldHolder'{0x0000000091b01f98} (0x91b01f98)
 - 'threadLocals' 'Ljava/lang/ThreadLocal$ThreadLocalMap;' @72  a 'java/lang/ThreadLocal$ThreadLocalMap'{0x0000000091b7d868} (0x91b7d868)
 - 'inheritableThreadLocals' 'Ljava/lang/ThreadLocal$ThreadLocalMap;' @76  null (0x00000000)
 - private 'scopedValueBindings' 'Ljava/lang/Object;' @80  a 'java/lang/Class'{0x00000000ffe7c280} = 'java/lang/Thread' (0xffe7c280)
 - final 'interruptLock' 'Ljava/lang/Object;' @84  a 'java/lang/Object'{0x0000000091b01f88} (0x91b01f88)
 - private volatile 'parkBlocker' 'Ljava/lang/Object;' @88  null (0x00000000)
 - private 'nioBlocker' 'Lsun/nio/ch/Interruptible;' @92  null (0x00000000)
 - private 'cont' 'Ljdk/internal/vm/Continuation;' @96  null (0x00000000)
 - private volatile 'uncaughtExceptionHandler' 'Ljava/lang/Thread$UncaughtExceptionHandler;' @100  null (0x00000000)
 - private 'container' 'Ljdk/internal/vm/ThreadContainer;' @104  null (0x00000000)
 - private volatile 'headStackableScopes' 'Ljdk/internal/vm/StackableScope;' @108  null (0x00000000)
R10=0x00007ffac73b9fc0 jvm.dll
R11=0x0000000000000002 is an unknown value
R12=0x000000f335dfe7f0 is pointing into the stack for thread: 0x000001fae6ff0970
R13=0x000001fae4f899b0 points into unknown readable memory: 0x00007ffac732a510 | 10 a5 32 c7 fa 7f 00 00
R14=0x000001fae6ff0d38 points into unknown readable memory: 0x00007ffac73217b0 | b0 17 32 c7 fa 7f 00 00
R15=0x000001fae6ff0d38 points into unknown readable memory: 0x00007ffac73217b0 | b0 17 32 c7 fa 7f 00 00

Top of Stack: (sp=0x000000f335dfe680)
0x000000f335dfe680:   000000f335dfe7f0 000001facb78a208   ...5......x.....
0x000000f335dfe690:   0000000000000000 000001fae751e940   ........@.Q.....
0x000000f335dfe6a0:   000000000000001a 00007ffb006a34db   .........4j.....
0x000000f335dfe6b0:   0000000000000000 000001fae6ff0d38   ........8.......
0x000000f335dfe6c0:   000000f335dfe701 0000000000000000   ...5............
0x000000f335dfe6d0:   000001facd23e930 00007ffb006a2134   0.#.....4!j.....
0x000000f335dfe6e0:   0000000000000000 000000000000001a   ................
0x000000f335dfe6f0:   0000000000000000 000000000000001a   ................
0x000000f335dfe700:   0000000900000002 000001fac681ee10   ................
0x000000f335dfe710:   000001facd23e930 000001facd23e998   0.#.......#.....
0x000000f335dfe720:   000001facd23e9a0 0000000000005be4   ..#......[......
0x000000f335dfe730:   0000000000000000 0000000000000000   ................
0x000000f335dfe740:   0000000000000000 00007ffac6b858e4   .........X......
0x000000f335dfe750:   00007ffb007fae00 0000000000001340   ........@.......
0x000000f335dfe760:   00007ffb007fae00 00000000ffffffff   ................
0x000000f335dfe770:   0000000000000000 00007ffb006a29aa   .........)j.....
0x000000f335dfe780:   000001fae6ff0d38 0000000000000000   8...............
0x000000f335dfe790:   000000f335dfe7f9 000001fae4f899b0   ...5............
0x000000f335dfe7a0:   000001fa000021b4 0000000000000000   .!..............
0x000000f335dfe7b0:   0000000000000000 00007ffb7167fc09   ..........gq....
0x000000f335dfe7c0:   000001fae6ff0d38 00007ffb007fae00   8...............
0x000000f335dfe7d0:   0000000000000000 00007ffb0073bc53   ........S.s.....
0x000000f335dfe7e0:   0000000000000000 000001fae6ff0d38   ........8.......
0x000000f335dfe7f0:   000001fac6934660 000001fac69349a0   `F.......I......
0x000000f335dfe800:   000001fac69349a0 00007ffb007fae00   .I..............
0x000000f335dfe810:   000001fae7479798 000000f335dfe988   ..G........5....
0x000000f335dfe820:   000000f335dfeac0 0000000000008840   ...5....@.......
0x000000f335dfe830:   00007ffb007ed080 00007ffb007fae50   ..~.....P.......
0x000000f335dfe840:   0000000000989680 0000000000989680   ................
0x000000f335dfe850:   000000f335dfe960 00007ffb0069d561   `..5....a.i.....
0x000000f335dfe860:   00007ffb007fae00 00007ffb007fae58   ........X.......
0x000000f335dfe870:   00007ffb00000000 001d60a100000001   .............`..

Instructions: (pc=0x00007ffb006a3004)
  0x00007ffb006a2f04:   cc cc cc cc cc cc cc cc cc cc cc cc cc cc cc cc
  0x00007ffb006a2f14:   cc cc cc cc cc cc cc cc cc cc cc cc cc cc cc cc
  0x00007ffb006a2f24:   cc cc cc cc cc cc cc cc cc cc cc cc cc cc cc cc
  0x00007ffb006a2f34:   cc cc cc cc cc cc cc cc cc cc cc cc cc cc cc cc
  0x00007ffb006a2f44:   cc cc cc cc cc cc cc cc cc cc cc cc cc cc cc cc
  0x00007ffb006a2f54:   cc cc cc cc cc cc cc cc cc cc cc cc cc cc cc cc
  0x00007ffb006a2f64:   cc cc cc cc cc cc cc cc cc cc cc cc cc cc cc cc
  0x00007ffb006a2f74:   cc cc cc cc cc cc cc cc cc cc cc cc cc cc cc cc
  0x00007ffb006a2f84:   cc cc cc cc cc cc cc cc cc cc cc cc 40 57 48 83
  0x00007ffb006a2f94:   ec 20 48 8b f9 48 8b 0d 30 80 15 00 48 85 c9 74
  0x00007ffb006a2fa4:   20 48 8b 01 48 8d 54 24 38 41 b8 06 00 01 00 4c
  0x00007ffb006a2fb4:   8b 48 30 41 ff d1 85 c0 75 07 48 8b 4c 24 38 eb
  0x00007ffb006a2fc4:   02 33 c9 4c 8b 05 0a 81 15 00 48 89 5c 24 30 4d
  0x00007ffb006a2fd4:   85 c0 74 4a 48 8b 01 48 8b d7 4c 8b 88 28 03 00
  0x00007ffb006a2fe4:   00 41 ff d1 48 85 c0 74 35 48 63 0d b8 3d 15 00
  0x00007ffb006a2ff4:   48 8b 14 01 48 85 d2 74 15 48 63 05 bc 3d 15 00
=>0x00007ffb006a3004:   8b 04 10 48 8b 5c 24 30 48 83 c4 20 5f c3 b8 ff
  0x00007ffb006a3014:   ff ff ff 48 8b 5c 24 30 48 83 c4 20 5f c3 80 3d
  0x00007ffb006a3024:   bb 7f 15 00 00 bb ff ff ff ff 74 20 4c 8b 0d 51
  0x00007ffb006a3034:   7c 15 00 4c 8d 44 24 38 48 8b 0d 35 7c 15 00 48
  0x00007ffb006a3044:   8b d7 41 ff d1 85 c0 0f 44 5c 24 38 8b c3 48 8b
  0x00007ffb006a3054:   5c 24 30 48 83 c4 20 5f c3 cc cc cc cc cc cc cc
  0x00007ffb006a3064:   cc cc cc cc cc cc cc cc cc cc cc cc cc cc cc cc
  0x00007ffb006a3074:   cc cc cc cc cc cc cc cc cc cc cc cc cc cc cc cc
  0x00007ffb006a3084:   cc cc cc cc cc cc cc cc cc cc cc cc 48 89 54 24
  0x00007ffb006a3094:   10 53 55 56 57 41 56 41 57 48 83 ec 28 48 8b f2
  0x00007ffb006a30a4:   4c 8b f1 48 89 4c 24 78 45 33 ff 44 89 7c 24 68
  0x00007ffb006a30b4:   c7 44 24 60 01 00 00 00 48 8d 4c 24 68 e8 69 3c
  0x00007ffb006a30c4:   f7 ff 8b d8 48 8d 4c 24 60 e8 5d 3c f7 ff 8b e8
  0x00007ffb006a30d4:   49 8b ce e8 33 f3 f6 ff 48 8b f8 90 8b c3 f0 0f
  0x00007ffb006a30e4:   b1 2f 74 04 f3 90 eb f4 4c 89 3e 4c 89 7e 08 4c
  0x00007ffb006a30f4:   89 7e 10 49 8b 6e 08 4d 8b 76 10 49 3b ee 0f 84


Stack slot to memory mapping:

stack at sp + 0 slots: 0x000000f335dfe7f0 is pointing into the stack for thread: 0x000001fae6ff0970
stack at sp + 1 slots: 0x000001facb78a208 points into unknown readable memory: 0x0000000091b01ee8 | e8 1e b0 91 00 00 00 00
stack at sp + 2 slots: 0x0 is null
stack at sp + 3 slots: 0x000001fae751e940 points into unknown readable memory: 0x6e616c2e6176616a | 6a 61 76 61 2e 6c 61 6e
stack at sp + 4 slots: 0x000000000000001a is an unknown value
stack at sp + 5 slots: 0x00007ffb006a34db libasyncProfiler.dll
stack at sp + 6 slots: 0x0 is null
stack at sp + 7 slots: 0x000001fae6ff0d38 points into unknown readable memory: 0x00007ffac73217b0 | b0 17 32 c7 fa 7f 00 00

Lock stack of current Java thread (top to bottom):


---------------  P R O C E S S  ---------------

Threads class SMR info:
_java_thread_list=0x000001facb4b2230, length=14, elements={
0x000001fae6ff0970, 0x000001fae7186800, 0x000001fae7188f50, 0x000001fae718a070,
0x000001fae718aef0, 0x000001fac60e4f60, 0x000001fac60e80a0, 0x000001fac60fa560,
0x000001fac60fb260, 0x000001fac60e8f40, 0x000001fac60e87f0, 0x000001fac60e5c10,
0x000001fac60e7200, 0x000001fac60fb9f0
}

Java Threads: ( => current thread )
=>0x000001fae6ff0970 JavaThread "main"                              [_thread_in_native, id=5152, stack(0x000000f335d00000,0x000000f335e00000) (1024K)]
  0x000001fae7186800 JavaThread "Reference Handler"          daemon [_thread_blocked, id=21212, stack(0x000000f336500000,0x000000f336600000) (1024K)]
  0x000001fae7188f50 JavaThread "Finalizer"                  daemon [_thread_blocked, id=17748, stack(0x000000f336600000,0x000000f336700000) (1024K)]
  0x000001fae718a070 JavaThread "Signal Dispatcher"          daemon [_thread_blocked, id=23284, stack(0x000000f336700000,0x000000f336800000) (1024K)]
  0x000001fae718aef0 JavaThread "Attach Listener"            daemon [_thread_in_Java, id=14680, stack(0x000000f336800000,0x000000f336900000) (1024K)]
  0x000001fac60e4f60 JavaThread "Service Thread"             daemon [_thread_blocked, id=23368, stack(0x000000f336900000,0x000000f336a00000) (1024K)]
  0x000001fac60e80a0 JavaThread "Monitor Deflation Thread"   daemon [_thread_blocked, id=22012, stack(0x000000f336a00000,0x000000f336b00000) (1024K)]
  0x000001fac60fa560 JavaThread "C2 CompilerThread0"         daemon [_thread_in_native, id=14468, stack(0x000000f336b00000,0x000000f336c00000) (1024K)]
  0x000001fac60fb260 JavaThread "C1 CompilerThread0"         daemon [_thread_in_vm, id=17192, stack(0x000000f336c00000,0x000000f336d00000) (1024K)]
  0x000001fac60e8f40 JavaThread "Common-Cleaner"             daemon [_thread_blocked, id=5860, stack(0x000000f336d00000,0x000000f336e00000) (1024K)]
  0x000001fac60e87f0 JavaThread "Monitor Ctrl-Break"         daemon [_thread_in_native, id=8440, stack(0x000000f337000000,0x000000f337100000) (1024K)]
  0x000001fac60e5c10 JavaThread "JFR Recorder Thread"        daemon [_thread_in_native, id=21628, stack(0x000000f337100000,0x000000f337200000) (1024K)]
  0x000001fac60e7200 JavaThread "JFR Periodic Tasks"         daemon [_thread_blocked, id=23524, stack(0x000000f337200000,0x000000f337300000) (1024K)]
  0x000001fac60fb9f0 JavaThread "C2 CompilerThread1"         daemon [_thread_in_native, id=17072, stack(0x000000f336e00000,0x000000f336f00000) (1024K)]
Total: 14

Other Threads:
  0x000001fae7171030 VMThread "VM Thread"                           [id=21248, stack(0x000000f336400000,0x000000f336500000) (1024K)]
  0x000001fae7161980 WatcherThread "VM Periodic Task Thread"        [id=3428, stack(0x000000f336300000,0x000000f336400000) (1024K)]
  0x000001fae7045500 WorkerThread "GC Thread#0"                     [id=6352, stack(0x000000f335e00000,0x000000f335f00000) (1024K)]
  0x000001fae70599b0 ConcurrentGCThread "G1 Main Marker"            [id=11124, stack(0x000000f335f00000,0x000000f336000000) (1024K)]
  0x000001fae705a6e0 WorkerThread "G1 Conc#0"                       [id=23192, stack(0x000000f336000000,0x000000f336100000) (1024K)]
  0x000001fae7109350 ConcurrentGCThread "G1 Refine#0"               [id=19840, stack(0x000000f336100000,0x000000f336200000) (1024K)]
  0x000001fae7109d70 ConcurrentGCThread "G1 Service"                [id=5956, stack(0x000000f336200000,0x000000f336300000) (1024K)]
Total: 7

Threads with active compile tasks:
C2 CompilerThread0  1232 1645       4       jdk.internal.misc.Unsafe::allocateUninitializedArray (55 bytes)
C1 CompilerThread0  1232 1649       3       java.util.TreeMap::fixAfterInsertion (267 bytes)
C2 CompilerThread1  1232 1638       4       java.lang.String::substring (58 bytes)
Total: 3

VM state: not at safepoint (normal execution)

VM Mutex/Monitor currently owned by a thread: None

Heap address: 0x000000008a600000, size: 1882 MB, Compressed Oops mode: 32-bit

CDS archive(s) mapped at: [0x000001fa85000000-0x000001fa85d40000-0x000001fa85d40000), size 13893632, SharedBaseAddress: 0x000001fa85000000, ArchiveRelocationMode: 1.
Compressed class space mapped at: 0x000001fa86000000-0x000001fac6000000, reserved size: 1073741824
UseCompressedClassPointers 1, UseCompactObjectHeaders 0
Narrow klass pointer bits 32, Max shift 3
Narrow klass base: 0x000001fa85000000, Narrow klass shift: 0
Encoding Range: [0x000001fa85000000 - 0x000001fb85000000), (4294967296 bytes)
Klass Range:    [0x000001fa85000000 - 0x000001fac6000000), (1090519040 bytes)
Klass ID Range:  [8 - 1090519033) (1090519025)

GC Precious Log:
 CardTable entry size: 512
 Card Set container configuration: InlinePtr #cards 5 size 8 Array Of Cards #cards 10 size 36 Howl #buckets 4 coarsen threshold 1843 Howl Bitmap #cards 512 size 80 coarsen threshold 460 Card regions per heap region 1 cards per card region 2048
 CPUs: 12 total, 12 available
 Memory: 7520M
 Large Page Support: Disabled
 NUMA Support: Disabled
 Compressed Oops: Enabled (32-bit)
 Heap Region Size: 1M
 Heap Min Capacity: 8M
 Heap Initial Capacity: 118M
 Heap Max Capacity: 1882M
 Pre-touch: Disabled
 Parallel Workers: 10
 Concurrent Workers: 3
 Concurrent Refinement Workers: 10
 Periodic GC: Disabled

Heap:
 garbage-first heap   total reserved 1927168K, committed 122880K, used 29808K [0x000000008a600000, 0x0000000100000000)
  region size 1024K, 29 young (29696K), 0 survivors (0K)
 Metaspace       used 5486K, committed 5696K, reserved 1114112K
  class space    used 497K, committed 640K, reserved 1048576K

Heap Regions: E=young(eden), S=young(survivor), O=old, HS=humongous(starts), HC=humongous(continues), CS=collection set, F=free, TAMS=top-at-mark-start, PB=parsable bottom
|   0|0x000000008a600000, 0x000000008a600000, 0x000000008a700000|  0%| F|  |TAMS 0x000000008a600000| PB 0x000000008a600000| Untracked |  0
|   1|0x000000008a700000, 0x000000008a700000, 0x000000008a800000|  0%| F|  |TAMS 0x000000008a700000| PB 0x000000008a700000| Untracked |  0
|   2|0x000000008a800000, 0x000000008a800000, 0x000000008a900000|  0%| F|  |TAMS 0x000000008a800000| PB 0x000000008a800000| Untracked |  0
|   3|0x000000008a900000, 0x000000008a900000, 0x000000008aa00000|  0%| F|  |TAMS 0x000000008a900000| PB 0x000000008a900000| Untracked |  0
|   4|0x000000008aa00000, 0x000000008aa00000, 0x000000008ab00000|  0%| F|  |TAMS 0x000000008aa00000| PB 0x000000008aa00000| Untracked |  0
|   5|0x000000008ab00000, 0x000000008ab00000, 0x000000008ac00000|  0%| F|  |TAMS 0x000000008ab00000| PB 0x000000008ab00000| Untracked |  0
|   6|0x000000008ac00000, 0x000000008ac00000, 0x000000008ad00000|  0%| F|  |TAMS 0x000000008ac00000| PB 0x000000008ac00000| Untracked |  0
|   7|0x000000008ad00000, 0x000000008ad00000, 0x000000008ae00000|  0%| F|  |TAMS 0x000000008ad00000| PB 0x000000008ad00000| Untracked |  0
|   8|0x000000008ae00000, 0x000000008ae00000, 0x000000008af00000|  0%| F|  |TAMS 0x000000008ae00000| PB 0x000000008ae00000| Untracked |  0
|   9|0x000000008af00000, 0x000000008af00000, 0x000000008b000000|  0%| F|  |TAMS 0x000000008af00000| PB 0x000000008af00000| Untracked |  0
|  10|0x000000008b000000, 0x000000008b000000, 0x000000008b100000|  0%| F|  |TAMS 0x000000008b000000| PB 0x000000008b000000| Untracked |  0
|  11|0x000000008b100000, 0x000000008b100000, 0x000000008b200000|  0%| F|  |TAMS 0x000000008b100000| PB 0x000000008b100000| Untracked |  0
|  12|0x000000008b200000, 0x000000008b200000, 0x000000008b300000|  0%| F|  |TAMS 0x000000008b200000| PB 0x000000008b200000| Untracked |  0
|  13|0x000000008b300000, 0x000000008b300000, 0x000000008b400000|  0%| F|  |TAMS 0x000000008b300000| PB 0x000000008b300000| Untracked |  0
|  14|0x000000008b400000, 0x000000008b400000, 0x000000008b500000|  0%| F|  |TAMS 0x000000008b400000| PB 0x000000008b400000| Untracked |  0
|  15|0x000000008b500000, 0x000000008b500000, 0x000000008b600000|  0%| F|  |TAMS 0x000000008b500000| PB 0x000000008b500000| Untracked |  0
|  16|0x000000008b600000, 0x000000008b600000, 0x000000008b700000|  0%| F|  |TAMS 0x000000008b600000| PB 0x000000008b600000| Untracked |  0
|  17|0x000000008b700000, 0x000000008b700000, 0x000000008b800000|  0%| F|  |TAMS 0x000000008b700000| PB 0x000000008b700000| Untracked |  0
|  18|0x000000008b800000, 0x000000008b800000, 0x000000008b900000|  0%| F|  |TAMS 0x000000008b800000| PB 0x000000008b800000| Untracked |  0
|  19|0x000000008b900000, 0x000000008b900000, 0x000000008ba00000|  0%| F|  |TAMS 0x000000008b900000| PB 0x000000008b900000| Untracked |  0
|  20|0x000000008ba00000, 0x000000008ba00000, 0x000000008bb00000|  0%| F|  |TAMS 0x000000008ba00000| PB 0x000000008ba00000| Untracked |  0
|  21|0x000000008bb00000, 0x000000008bb00000, 0x000000008bc00000|  0%| F|  |TAMS 0x000000008bb00000| PB 0x000000008bb00000| Untracked |  0
|  22|0x000000008bc00000, 0x000000008bc00000, 0x000000008bd00000|  0%| F|  |TAMS 0x000000008bc00000| PB 0x000000008bc00000| Untracked |  0
|  23|0x000000008bd00000, 0x000000008bd00000, 0x000000008be00000|  0%| F|  |TAMS 0x000000008bd00000| PB 0x000000008bd00000| Untracked |  0
|  24|0x000000008be00000, 0x000000008be00000, 0x000000008bf00000|  0%| F|  |TAMS 0x000000008be00000| PB 0x000000008be00000| Untracked |  0
|  25|0x000000008bf00000, 0x000000008bf00000, 0x000000008c000000|  0%| F|  |TAMS 0x000000008bf00000| PB 0x000000008bf00000| Untracked |  0
|  26|0x000000008c000000, 0x000000008c000000, 0x000000008c100000|  0%| F|  |TAMS 0x000000008c000000| PB 0x000000008c000000| Untracked |  0
|  27|0x000000008c100000, 0x000000008c100000, 0x000000008c200000|  0%| F|  |TAMS 0x000000008c100000| PB 0x000000008c100000| Untracked |  0
|  28|0x000000008c200000, 0x000000008c200000, 0x000000008c300000|  0%| F|  |TAMS 0x000000008c200000| PB 0x000000008c200000| Untracked |  0
|  29|0x000000008c300000, 0x000000008c300000, 0x000000008c400000|  0%| F|  |TAMS 0x000000008c300000| PB 0x000000008c300000| Untracked |  0
|  30|0x000000008c400000, 0x000000008c400000, 0x000000008c500000|  0%| F|  |TAMS 0x000000008c400000| PB 0x000000008c400000| Untracked |  0
|  31|0x000000008c500000, 0x000000008c500000, 0x000000008c600000|  0%| F|  |TAMS 0x000000008c500000| PB 0x000000008c500000| Untracked |  0
|  32|0x000000008c600000, 0x000000008c600000, 0x000000008c700000|  0%| F|  |TAMS 0x000000008c600000| PB 0x000000008c600000| Untracked |  0
|  33|0x000000008c700000, 0x000000008c700000, 0x000000008c800000|  0%| F|  |TAMS 0x000000008c700000| PB 0x000000008c700000| Untracked |  0
|  34|0x000000008c800000, 0x000000008c800000, 0x000000008c900000|  0%| F|  |TAMS 0x000000008c800000| PB 0x000000008c800000| Untracked |  0
|  35|0x000000008c900000, 0x000000008c900000, 0x000000008ca00000|  0%| F|  |TAMS 0x000000008c900000| PB 0x000000008c900000| Untracked |  0
|  36|0x000000008ca00000, 0x000000008ca00000, 0x000000008cb00000|  0%| F|  |TAMS 0x000000008ca00000| PB 0x000000008ca00000| Untracked |  0
|  37|0x000000008cb00000, 0x000000008cb00000, 0x000000008cc00000|  0%| F|  |TAMS 0x000000008cb00000| PB 0x000000008cb00000| Untracked |  0
|  38|0x000000008cc00000, 0x000000008cc00000, 0x000000008cd00000|  0%| F|  |TAMS 0x000000008cc00000| PB 0x000000008cc00000| Untracked |  0
|  39|0x000000008cd00000, 0x000000008cd00000, 0x000000008ce00000|  0%| F|  |TAMS 0x000000008cd00000| PB 0x000000008cd00000| Untracked |  0
|  40|0x000000008ce00000, 0x000000008ce00000, 0x000000008cf00000|  0%| F|  |TAMS 0x000000008ce00000| PB 0x000000008ce00000| Untracked |  0
|  41|0x000000008cf00000, 0x000000008cf00000, 0x000000008d000000|  0%| F|  |TAMS 0x000000008cf00000| PB 0x000000008cf00000| Untracked |  0
|  42|0x000000008d000000, 0x000000008d000000, 0x000000008d100000|  0%| F|  |TAMS 0x000000008d000000| PB 0x000000008d000000| Untracked |  0
|  43|0x000000008d100000, 0x000000008d100000, 0x000000008d200000|  0%| F|  |TAMS 0x000000008d100000| PB 0x000000008d100000| Untracked |  0
|  44|0x000000008d200000, 0x000000008d200000, 0x000000008d300000|  0%| F|  |TAMS 0x000000008d200000| PB 0x000000008d200000| Untracked |  0
|  45|0x000000008d300000, 0x000000008d300000, 0x000000008d400000|  0%| F|  |TAMS 0x000000008d300000| PB 0x000000008d300000| Untracked |  0
|  46|0x000000008d400000, 0x000000008d400000, 0x000000008d500000|  0%| F|  |TAMS 0x000000008d400000| PB 0x000000008d400000| Untracked |  0
|  47|0x000000008d500000, 0x000000008d500000, 0x000000008d600000|  0%| F|  |TAMS 0x000000008d500000| PB 0x000000008d500000| Untracked |  0
|  48|0x000000008d600000, 0x000000008d600000, 0x000000008d700000|  0%| F|  |TAMS 0x000000008d600000| PB 0x000000008d600000| Untracked |  0
|  49|0x000000008d700000, 0x000000008d700000, 0x000000008d800000|  0%| F|  |TAMS 0x000000008d700000| PB 0x000000008d700000| Untracked |  0
|  50|0x000000008d800000, 0x000000008d800000, 0x000000008d900000|  0%| F|  |TAMS 0x000000008d800000| PB 0x000000008d800000| Untracked |  0
|  51|0x000000008d900000, 0x000000008d900000, 0x000000008da00000|  0%| F|  |TAMS 0x000000008d900000| PB 0x000000008d900000| Untracked |  0
|  52|0x000000008da00000, 0x000000008da00000, 0x000000008db00000|  0%| F|  |TAMS 0x000000008da00000| PB 0x000000008da00000| Untracked |  0
|  53|0x000000008db00000, 0x000000008db00000, 0x000000008dc00000|  0%| F|  |TAMS 0x000000008db00000| PB 0x000000008db00000| Untracked |  0
|  54|0x000000008dc00000, 0x000000008dc00000, 0x000000008dd00000|  0%| F|  |TAMS 0x000000008dc00000| PB 0x000000008dc00000| Untracked |  0
|  55|0x000000008dd00000, 0x000000008dd00000, 0x000000008de00000|  0%| F|  |TAMS 0x000000008dd00000| PB 0x000000008dd00000| Untracked |  0
|  56|0x000000008de00000, 0x000000008de00000, 0x000000008df00000|  0%| F|  |TAMS 0x000000008de00000| PB 0x000000008de00000| Untracked |  0
|  57|0x000000008df00000, 0x000000008df00000, 0x000000008e000000|  0%| F|  |TAMS 0x000000008df00000| PB 0x000000008df00000| Untracked |  0
|  58|0x000000008e000000, 0x000000008e000000, 0x000000008e100000|  0%| F|  |TAMS 0x000000008e000000| PB 0x000000008e000000| Untracked |  0
|  59|0x000000008e100000, 0x000000008e100000, 0x000000008e200000|  0%| F|  |TAMS 0x000000008e100000| PB 0x000000008e100000| Untracked |  0
|  60|0x000000008e200000, 0x000000008e200000, 0x000000008e300000|  0%| F|  |TAMS 0x000000008e200000| PB 0x000000008e200000| Untracked |  0
|  61|0x000000008e300000, 0x000000008e300000, 0x000000008e400000|  0%| F|  |TAMS 0x000000008e300000| PB 0x000000008e300000| Untracked |  0
|  62|0x000000008e400000, 0x000000008e400000, 0x000000008e500000|  0%| F|  |TAMS 0x000000008e400000| PB 0x000000008e400000| Untracked |  0
|  63|0x000000008e500000, 0x000000008e500000, 0x000000008e600000|  0%| F|  |TAMS 0x000000008e500000| PB 0x000000008e500000| Untracked |  0
|  64|0x000000008e600000, 0x000000008e600000, 0x000000008e700000|  0%| F|  |TAMS 0x000000008e600000| PB 0x000000008e600000| Untracked |  0
|  65|0x000000008e700000, 0x000000008e700000, 0x000000008e800000|  0%| F|  |TAMS 0x000000008e700000| PB 0x000000008e700000| Untracked |  0
|  66|0x000000008e800000, 0x000000008e800000, 0x000000008e900000|  0%| F|  |TAMS 0x000000008e800000| PB 0x000000008e800000| Untracked |  0
|  67|0x000000008e900000, 0x000000008e900000, 0x000000008ea00000|  0%| F|  |TAMS 0x000000008e900000| PB 0x000000008e900000| Untracked |  0
|  68|0x000000008ea00000, 0x000000008ea00000, 0x000000008eb00000|  0%| F|  |TAMS 0x000000008ea00000| PB 0x000000008ea00000| Untracked |  0
|  69|0x000000008eb00000, 0x000000008eb00000, 0x000000008ec00000|  0%| F|  |TAMS 0x000000008eb00000| PB 0x000000008eb00000| Untracked |  0
|  70|0x000000008ec00000, 0x000000008ec00000, 0x000000008ed00000|  0%| F|  |TAMS 0x000000008ec00000| PB 0x000000008ec00000| Untracked |  0
|  71|0x000000008ed00000, 0x000000008ed00000, 0x000000008ee00000|  0%| F|  |TAMS 0x000000008ed00000| PB 0x000000008ed00000| Untracked |  0
|  72|0x000000008ee00000, 0x000000008ee00000, 0x000000008ef00000|  0%| F|  |TAMS 0x000000008ee00000| PB 0x000000008ee00000| Untracked |  0
|  73|0x000000008ef00000, 0x000000008ef00000, 0x000000008f000000|  0%| F|  |TAMS 0x000000008ef00000| PB 0x000000008ef00000| Untracked |  0
|  74|0x000000008f000000, 0x000000008f000000, 0x000000008f100000|  0%| F|  |TAMS 0x000000008f000000| PB 0x000000008f000000| Untracked |  0
|  75|0x000000008f100000, 0x000000008f100000, 0x000000008f200000|  0%| F|  |TAMS 0x000000008f100000| PB 0x000000008f100000| Untracked |  0
|  76|0x000000008f200000, 0x000000008f200000, 0x000000008f300000|  0%| F|  |TAMS 0x000000008f200000| PB 0x000000008f200000| Untracked |  0
|  77|0x000000008f300000, 0x000000008f300000, 0x000000008f400000|  0%| F|  |TAMS 0x000000008f300000| PB 0x000000008f300000| Untracked |  0
|  78|0x000000008f400000, 0x000000008f400000, 0x000000008f500000|  0%| F|  |TAMS 0x000000008f400000| PB 0x000000008f400000| Untracked |  0
|  79|0x000000008f500000, 0x000000008f500000, 0x000000008f600000|  0%| F|  |TAMS 0x000000008f500000| PB 0x000000008f500000| Untracked |  0
|  80|0x000000008f600000, 0x000000008f600000, 0x000000008f700000|  0%| F|  |TAMS 0x000000008f600000| PB 0x000000008f600000| Untracked |  0
|  81|0x000000008f700000, 0x000000008f700000, 0x000000008f800000|  0%| F|  |TAMS 0x000000008f700000| PB 0x000000008f700000| Untracked |  0
|  82|0x000000008f800000, 0x000000008f800000, 0x000000008f900000|  0%| F|  |TAMS 0x000000008f800000| PB 0x000000008f800000| Untracked |  0
|  83|0x000000008f900000, 0x000000008f900000, 0x000000008fa00000|  0%| F|  |TAMS 0x000000008f900000| PB 0x000000008f900000| Untracked |  0
|  84|0x000000008fa00000, 0x000000008fa00000, 0x000000008fb00000|  0%| F|  |TAMS 0x000000008fa00000| PB 0x000000008fa00000| Untracked |  0
|  85|0x000000008fb00000, 0x000000008fb00000, 0x000000008fc00000|  0%| F|  |TAMS 0x000000008fb00000| PB 0x000000008fb00000| Untracked |  0
|  86|0x000000008fc00000, 0x000000008fc00000, 0x000000008fd00000|  0%| F|  |TAMS 0x000000008fc00000| PB 0x000000008fc00000| Untracked |  0
|  87|0x000000008fd00000, 0x000000008fd00000, 0x000000008fe00000|  0%| F|  |TAMS 0x000000008fd00000| PB 0x000000008fd00000| Untracked |  0
|  88|0x000000008fe00000, 0x000000008fe00000, 0x000000008ff00000|  0%| F|  |TAMS 0x000000008fe00000| PB 0x000000008fe00000| Untracked |  0
|  89|0x000000008ff00000, 0x000000008ff80000, 0x0000000090000000| 50%| E|  |TAMS 0x000000008ff00000| PB 0x000000008ff00000| Complete |  0
|  90|0x0000000090000000, 0x0000000090100000, 0x0000000090100000|100%| E|CS|TAMS 0x0000000090000000| PB 0x0000000090000000| Complete |  0
|  91|0x0000000090100000, 0x0000000090200000, 0x0000000090200000|100%| E|CS|TAMS 0x0000000090100000| PB 0x0000000090100000| Complete |  0
|  92|0x0000000090200000, 0x0000000090300000, 0x0000000090300000|100%| E|CS|TAMS 0x0000000090200000| PB 0x0000000090200000| Complete |  0
|  93|0x0000000090300000, 0x0000000090400000, 0x0000000090400000|100%| E|CS|TAMS 0x0000000090300000| PB 0x0000000090300000| Complete |  0
|  94|0x0000000090400000, 0x0000000090500000, 0x0000000090500000|100%| E|CS|TAMS 0x0000000090400000| PB 0x0000000090400000| Complete |  0
|  95|0x0000000090500000, 0x0000000090600000, 0x0000000090600000|100%| E|CS|TAMS 0x0000000090500000| PB 0x0000000090500000| Complete |  0
|  96|0x0000000090600000, 0x0000000090700000, 0x0000000090700000|100%| E|CS|TAMS 0x0000000090600000| PB 0x0000000090600000| Complete |  0
|  97|0x0000000090700000, 0x0000000090800000, 0x0000000090800000|100%| E|CS|TAMS 0x0000000090700000| PB 0x0000000090700000| Complete |  0
|  98|0x0000000090800000, 0x0000000090900000, 0x0000000090900000|100%| E|CS|TAMS 0x0000000090800000| PB 0x0000000090800000| Complete |  0
|  99|0x0000000090900000, 0x0000000090a00000, 0x0000000090a00000|100%| E|CS|TAMS 0x0000000090900000| PB 0x0000000090900000| Complete |  0
| 100|0x0000000090a00000, 0x0000000090b00000, 0x0000000090b00000|100%| E|CS|TAMS 0x0000000090a00000| PB 0x0000000090a00000| Complete |  0
| 101|0x0000000090b00000, 0x0000000090c00000, 0x0000000090c00000|100%| E|CS|TAMS 0x0000000090b00000| PB 0x0000000090b00000| Complete |  0
| 102|0x0000000090c00000, 0x0000000090d00000, 0x0000000090d00000|100%| E|CS|TAMS 0x0000000090c00000| PB 0x0000000090c00000| Complete |  0
| 103|0x0000000090d00000, 0x0000000090e00000, 0x0000000090e00000|100%| E|CS|TAMS 0x0000000090d00000| PB 0x0000000090d00000| Complete |  0
| 104|0x0000000090e00000, 0x0000000090f00000, 0x0000000090f00000|100%| E|CS|TAMS 0x0000000090e00000| PB 0x0000000090e00000| Complete |  0
| 105|0x0000000090f00000, 0x0000000091000000, 0x0000000091000000|100%| E|CS|TAMS 0x0000000090f00000| PB 0x0000000090f00000| Complete |  0
| 106|0x0000000091000000, 0x0000000091100000, 0x0000000091100000|100%| E|CS|TAMS 0x0000000091000000| PB 0x0000000091000000| Complete |  0
| 107|0x0000000091100000, 0x0000000091200000, 0x0000000091200000|100%| E|CS|TAMS 0x0000000091100000| PB 0x0000000091100000| Complete |  0
| 108|0x0000000091200000, 0x0000000091300000, 0x0000000091300000|100%| E|CS|TAMS 0x0000000091200000| PB 0x0000000091200000| Complete |  0
| 109|0x0000000091300000, 0x0000000091400000, 0x0000000091400000|100%| E|CS|TAMS 0x0000000091300000| PB 0x0000000091300000| Complete |  0
| 110|0x0000000091400000, 0x0000000091500000, 0x0000000091500000|100%| E|CS|TAMS 0x0000000091400000| PB 0x0000000091400000| Complete |  0
| 111|0x0000000091500000, 0x0000000091600000, 0x0000000091600000|100%| E|CS|TAMS 0x0000000091500000| PB 0x0000000091500000| Complete |  0
| 112|0x0000000091600000, 0x0000000091700000, 0x0000000091700000|100%| E|CS|TAMS 0x0000000091600000| PB 0x0000000091600000| Complete |  0
| 113|0x0000000091700000, 0x0000000091800000, 0x0000000091800000|100%| E|CS|TAMS 0x0000000091700000| PB 0x0000000091700000| Complete |  0
| 114|0x0000000091800000, 0x0000000091900000, 0x0000000091900000|100%| E|CS|TAMS 0x0000000091800000| PB 0x0000000091800000| Complete |  0
| 115|0x0000000091900000, 0x0000000091a00000, 0x0000000091a00000|100%| E|CS|TAMS 0x0000000091900000| PB 0x0000000091900000| Complete |  0
| 116|0x0000000091a00000, 0x0000000091b00000, 0x0000000091b00000|100%| E|CS|TAMS 0x0000000091a00000| PB 0x0000000091a00000| Complete |  0
| 117|0x0000000091b00000, 0x0000000091c00000, 0x0000000091c00000|100%| E|CS|TAMS 0x0000000091b00000| PB 0x0000000091b00000| Complete |  0
|1880|0x00000000ffe00000, 0x00000000fff00000, 0x00000000fff00000|100%| O|  |TAMS 0x00000000ffe00000| PB 0x00000000ffe00000| Untracked |  0
|1881|0x00000000fff00000, 0x00000000fff1c348, 0x0000000100000000| 11%| O|  |TAMS 0x00000000fff00000| PB 0x00000000fff00000| Untracked |  0

Card table byte_map: [0x000001fa803b0000,0x000001fa80760000] _byte_map_base: 0x000001fa7ff5d000

Marking Bits: (CMBitMap*) 0x000001fae7045c10
 Bits: [0x000001fa80760000, 0x000001fa824c8000)

Polling page: 0x000001fae51a0000

Metaspace:

Usage:
  Non-class:      4.91 MB used.
      Class:    501.23 KB used.
       Both:      5.40 MB used.

Virtual space:
  Non-class space:       64.00 MB reserved,       5.00 MB (  8%) committed,  1 nodes.
      Class space:        1.00 GB reserved,     640.00 KB ( <1%) committed,  1 nodes.
             Both:        1.06 GB reserved,       5.62 MB ( <1%) committed. 

Chunk freelists:
   Non-Class:  10.89 MB
       Class:  15.25 MB
        Both:  26.14 MB

MaxMetaspaceSize: unlimited
CompressedClassSpaceSize: 1.00 GB
Initial GC threshold: 21.00 MB
Current GC threshold: 21.00 MB
CDS: on
 - commit_granule_bytes: 65536.
 - commit_granule_words: 8192.
 - virtual_space_node_default_size: 8388608.
 - enlarge_chunks_in_place: 1.
UseCompressedClassPointers 1, UseCompactObjectHeaders 0
Narrow klass pointer bits 32, Max shift 3
Narrow klass base: 0x000001fa85000000, Narrow klass shift: 0
Encoding Range: [0x000001fa85000000 - 0x000001fb85000000), (4294967296 bytes)
Klass Range:    [0x000001fa85000000 - 0x000001fac6000000), (1090519040 bytes)
Klass ID Range:  [8 - 1090519033) (1090519025)


Internal statistics:

num_allocs_failed_limit: 0.
num_arena_births: 98.
num_arena_deaths: 0.
num_vsnodes_births: 2.
num_vsnodes_deaths: 0.
num_space_committed: 90.
num_space_uncommitted: 0.
num_chunks_returned_to_freelist: 0.
num_chunks_taken_from_freelist: 109.
num_chunk_merges: 0.
num_chunk_splits: 75.
num_chunks_enlarged: 45.
num_inconsistent_stats: 0.

CodeHeap 'non-profiled nmethods': size=120064Kb used=573Kb max_used=573Kb free=119490Kb
 bounds [0x000001faf7fc0000, 0x000001faf8230000, 0x000001faff500000]
CodeHeap 'profiled nmethods': size=120000Kb used=2234Kb max_used=2234Kb free=117765Kb
 bounds [0x000001faf0500000, 0x000001faf0770000, 0x000001faf7a30000]
CodeHeap 'non-nmethods': size=5696Kb used=1312Kb max_used=1447Kb free=4383Kb
 bounds [0x000001faf7a30000, 0x000001faf7ca0000, 0x000001faf7fc0000]
CodeCache: size=245760Kb, used=4119Kb, max_used=4254Kb, free=241638Kb
 total_blobs=2138, nmethods=1660, adapters=383, full_count=0
Compilation: enabled, stopped_count=0, restarted_count=0

Compilation events (20 events):
Event: 0.929 Thread 0x000001fac60fb260 nmethod 1437 0x000001faf8038508 code [0x000001faf8038600, 0x000001faf80386c8]
Event: 0.929 Thread 0x000001fac60fb260 1438       3       java.util.Comparator$$Lambda/0x000001fa86079590::compare (10 bytes)
Event: 0.929 Thread 0x000001fac60fb260 nmethod 1438 0x000001faf06dc908 code [0x000001faf06dca60, 0x000001faf06dcee8]
Event: 0.929 Thread 0x000001fac60fb260 1439       3       java.util.Comparator::lambda$comparingLong$6043328a$1 (18 bytes)
Event: 0.930 Thread 0x000001fac60fb260 nmethod 1439 0x000001faf06dcf08 code [0x000001faf06dd060, 0x000001faf06dd458]
Event: 0.930 Thread 0x000001fac60fb260 1440       3       java.lang.invoke.MethodType::parameterSlotCount (8 bytes)
Event: 0.930 Thread 0x000001fac60fb260 nmethod 1440 0x000001faf06dd488 code [0x000001faf06dd5a0, 0x000001faf06dd750]
Event: 0.930 Thread 0x000001fac60fb260 1441       3       jdk.internal.classfile.impl.StackMapGenerator$Type::equals (54 bytes)
Event: 0.931 Thread 0x000001fac60fb260 nmethod 1441 0x000001faf06dd788 code [0x000001faf06dd8c0, 0x000001faf06dde38]
Event: 0.931 Thread 0x000001fac60fb260 1442       3       jdk.internal.classfile.impl.BufWriterImpl::writeBytes (30 bytes)
Event: 0.931 Thread 0x000001fac60fd0a0 nmethod 1408 0x000001faf8038808 code [0x000001faf8038960, 0x000001faf80391b0]
Event: 0.931 Thread 0x000001fac60fd0a0 1443       4       java.lang.invoke.MemberName::getReferenceKind (12 bytes)
Event: 0.931 Thread 0x000001fac60fb260 nmethod 1442 0x000001faf06dde88 code [0x000001faf06ddfc0, 0x000001faf06de320]
Event: 0.931 Thread 0x000001fac60fd0a0 nmethod 1443 0x000001faf8039208 code [0x000001faf8039300, 0x000001faf8039380]
Event: 0.931 Thread 0x000001fac60fd0a0 1409       4       jdk.jfr.internal.MetadataWriter::writeInt (148 bytes)
Event: 0.933 Thread 0x000001fac60fd830 nmethod 1413 0x000001faf8039508 code [0x000001faf8039680, 0x000001faf8039d70]
Event: 0.933 Thread 0x000001fac60fd830 1407       4       java.io.DataOutputStream::incCount (20 bytes)
Event: 0.934 Thread 0x000001fac60fd830 nmethod 1407 0x000001faf8039e08 code [0x000001faf8039f00, 0x000001faf8039fa0]
Event: 0.936 Thread 0x000001fac60fa560 nmethod 1410 0x000001faf803a108 code [0x000001faf803a380, 0x000001faf803c280]
Event: 0.941 Thread 0x000001fac60fd0a0 nmethod 1409 0x000001faf803c388 code [0x000001faf803c560, 0x000001faf803d0d8]

GC Heap History (0 events):
No events

Dll operation events (8 events):
Event: 0.057 Loaded shared library C:\Users\moham\.jdks\openjdk-24\bin\java.dll
Event: 0.097 Loaded shared library C:\Users\moham\.jdks\openjdk-24\bin\jsvml.dll
Event: 0.149 Loaded shared library C:\Users\moham\.jdks\openjdk-24\bin\net.dll
Event: 0.153 Loaded shared library C:\Users\moham\.jdks\openjdk-24\bin\nio.dll
Event: 0.158 Loaded shared library C:\Users\moham\.jdks\openjdk-24\bin\zip.dll
Event: 0.380 Loaded shared library C:\Users\moham\.jdks\openjdk-24\bin\zip.dll
Event: 0.386 Loaded shared library C:\Users\moham\.jdks\openjdk-24\bin\instrument.dll
Event: 0.506 Loaded shared library C:\Users\moham\.jdks\openjdk-24\bin\jimage.dll

Deoptimization events (20 events):
Event: 0.876 Thread 0x000001fae6ff0970 Uncommon trap: trap_request=0xffffffd6 fr.pc=0x000001faf802d5f4 relative=0x0000000000000694
Event: 0.876 Thread 0x000001fae6ff0970 Uncommon trap: reason=array_check action=maybe_recompile pc=0x000001faf802d5f4 method=jdk.internal.classfile.impl.SplitConstantPool.internalAdd(Ljava/lang/classfile/constantpool/PoolEntry;I)Ljava/lang/classfile/constantpool/PoolEntry; @ 46 c2
Event: 0.876 Thread 0x000001fae6ff0970 DEOPT PACKING pc=0x000001faf802d5f4 sp=0x000000f335dfcfd0
Event: 0.876 Thread 0x000001fae6ff0970 DEOPT UNPACKING pc=0x000001faf7b44102 sp=0x000000f335dfcf80 mode 2
Event: 0.876 Thread 0x000001fae6ff0970 Uncommon trap: trap_request=0xffffffd6 fr.pc=0x000001faf802d5f4 relative=0x0000000000000694
Event: 0.876 Thread 0x000001fae6ff0970 Uncommon trap: reason=array_check action=maybe_recompile pc=0x000001faf802d5f4 method=jdk.internal.classfile.impl.SplitConstantPool.internalAdd(Ljava/lang/classfile/constantpool/PoolEntry;I)Ljava/lang/classfile/constantpool/PoolEntry; @ 46 c2
Event: 0.876 Thread 0x000001fae6ff0970 DEOPT PACKING pc=0x000001faf802d5f4 sp=0x000000f335dfce40
Event: 0.876 Thread 0x000001fae6ff0970 DEOPT UNPACKING pc=0x000001faf7b44102 sp=0x000000f335dfcdf0 mode 2
Event: 0.876 Thread 0x000001fae6ff0970 Uncommon trap: trap_request=0xffffffd6 fr.pc=0x000001faf802d5f4 relative=0x0000000000000694
Event: 0.876 Thread 0x000001fae6ff0970 Uncommon trap: reason=array_check action=maybe_recompile pc=0x000001faf802d5f4 method=jdk.internal.classfile.impl.SplitConstantPool.internalAdd(Ljava/lang/classfile/constantpool/PoolEntry;I)Ljava/lang/classfile/constantpool/PoolEntry; @ 46 c2
Event: 0.876 Thread 0x000001fae6ff0970 DEOPT PACKING pc=0x000001faf802d5f4 sp=0x000000f335dfce20
Event: 0.876 Thread 0x000001fae6ff0970 DEOPT UNPACKING pc=0x000001faf7b44102 sp=0x000000f335dfcdd0 mode 2
Event: 0.883 Thread 0x000001fae6ff0970 Uncommon trap: trap_request=0xffffff4d fr.pc=0x000001faf8028790 relative=0x00000000000000f0
Event: 0.883 Thread 0x000001fae6ff0970 Uncommon trap: reason=unstable_if action=reinterpret pc=0x000001faf8028790 method=java.lang.Long.valueOf(J)Ljava/lang/Long; @ 17 c2
Event: 0.883 Thread 0x000001fae6ff0970 DEOPT PACKING pc=0x000001faf8028790 sp=0x000000f335dfdd70
Event: 0.883 Thread 0x000001fae6ff0970 DEOPT UNPACKING pc=0x000001faf7b44102 sp=0x000000f335dfdd08 mode 2
Event: 0.909 Thread 0x000001fae6ff0970 Uncommon trap: trap_request=0xffffff4d fr.pc=0x000001faf80338b4 relative=0x0000000000000214
Event: 0.909 Thread 0x000001fae6ff0970 Uncommon trap: reason=unstable_if action=reinterpret pc=0x000001faf80338b4 method=java.io.ByteArrayOutputStream.ensureCapacity(I)V @ 11 c2
Event: 0.909 Thread 0x000001fae6ff0970 DEOPT PACKING pc=0x000001faf80338b4 sp=0x000000f335dfdc50
Event: 0.909 Thread 0x000001fae6ff0970 DEOPT UNPACKING pc=0x000001faf7b44102 sp=0x000000f335dfdb98 mode 2

Classes loaded (20 events):
Event: 0.881 Loading class jdk/jfr/internal/MetadataWriter
Event: 0.881 Loading class jdk/jfr/internal/MetadataWriter done
Event: 0.881 Loading class jdk/jfr/internal/MetadataDescriptor$Element
Event: 0.882 Loading class jdk/jfr/internal/MetadataDescriptor$Element done
Event: 0.883 Loading class jdk/jfr/internal/MetadataDescriptor$Attribute
Event: 0.883 Loading class jdk/jfr/internal/MetadataDescriptor$Attribute done
Event: 0.896 Loading class jdk/jfr/internal/consumer/StringParser$Encoding
Event: 0.897 Loading class jdk/jfr/internal/consumer/StringParser$Encoding done
Event: 0.912 Loading class jdk/jfr/internal/consumer/RepositoryFiles
Event: 0.912 Loading class jdk/jfr/internal/consumer/RepositoryFiles done
Event: 0.917 Loading class jdk/jfr/internal/SettingsManager$InternalSetting
Event: 0.917 Loading class jdk/jfr/internal/SettingsManager$InternalSetting done
Event: 0.919 Loading class jdk/jfr/internal/util/Rate
Event: 0.919 Loading class jdk/jfr/internal/util/Rate done
Event: 0.919 Loading class jdk/jfr/internal/util/TimespanUnit
Event: 0.920 Loading class jdk/jfr/internal/util/TimespanUnit done
Event: 0.920 Loading class jdk/jfr/internal/util/ValueParser
Event: 0.921 Loading class jdk/jfr/internal/util/ValueParser done
Event: 0.923 Loading class jdk/jfr/internal/periodic/PeriodicType
Event: 0.923 Loading class jdk/jfr/internal/periodic/PeriodicType done

Classes unloaded (0 events):
No events

Classes redefined (0 events):
No events

Internal exceptions (20 events):
Event: 0.412 Thread 0x000001fae6ff0970 Exception <a 'java/lang/NoSuchMethodError'{0x0000000091032100}: 'java.lang.Object java.lang.invoke.Invokers$Holder.invokeExact_MT(java.lang.Object, java.lang.Object, java.lang.Object, java.lang.Object, java.lang.Object)'> (0x0000000091032100) 
thrown [s\open\src\hotspot\share\interpreter\linkResolver.cpp, line 805]
Event: 0.429 Thread 0x000001fae6ff0970 Exception <a 'java/lang/NoSuchMethodError'{0x0000000091042c10}: 'java.lang.Object java.lang.invoke.DirectMethodHandle$Holder.invokeStaticInit(java.lang.Object, java.lang.Object, java.lang.Object)'> (0x0000000091042c10) 
thrown [s\open\src\hotspot\share\interpreter\linkResolver.cpp, line 805]
Event: 0.430 Thread 0x000001fac60e87f0 Exception <a 'java/lang/ClassNotFoundException'{0x0000000091083368}: jdk/net/ExtendedSocketOptions> (0x0000000091083368) 
thrown [s\open\src\hotspot\share\classfile\systemDictionary.cpp, line 327]
Event: 0.432 Thread 0x000001fac60e87f0 Exception <a 'java/lang/NoSuchMethodError'{0x0000000091084df0}: 'void java.lang.invoke.DirectMethodHandle$Holder.invokeStatic(java.lang.Object, java.lang.Object)'> (0x0000000091084df0) 
thrown [s\open\src\hotspot\share\interpreter\linkResolver.cpp, line 805]
Event: 0.520 Thread 0x000001fae6ff0970 Exception <a 'sun/nio/fs/WindowsException'{0x0000000090ed0d00}> (0x0000000090ed0d00) 
thrown [s\open\src\hotspot\share\prims\jni.cpp, line 518]
Event: 0.536 Thread 0x000001fae6ff0970 Implicit null exception at 0x000001faf7ff7e56 to 0x000001faf7ff7ef6
Event: 0.536 Thread 0x000001fae6ff0970 Implicit null exception at 0x000001faf7fe479d to 0x000001faf7fe481d
Event: 0.557 Thread 0x000001fae6ff0970 Exception <a 'java/lang/NoSuchMethodError'{0x0000000090da3628}: 'void java.lang.invoke.DirectMethodHandle$Holder.invokeStaticInit(java.lang.Object)'> (0x0000000090da3628) 
thrown [s\open\src\hotspot\share\interpreter\linkResolver.cpp, line 805]
Event: 0.600 Thread 0x000001fae6ff0970 Exception <a 'java/lang/NoSuchMethodError'{0x0000000090c6f690}: 'java.lang.Object java.lang.invoke.DirectMethodHandle$Holder.newInvokeSpecial(java.lang.Object, java.lang.Object, java.lang.Object, java.lang.Object, java.lang.Object)'> (0x0000000090c6f690) 
thrown [s\open\src\hotspot\share\interpreter\linkResolver.cpp, line 805]
Event: 0.676 Thread 0x000001fae6ff0970 Exception <a 'java/lang/NoSuchMethodError'{0x0000000090a06670}: 'long java.lang.invoke.DirectMethodHandle$Holder.invokeVirtual(java.lang.Object, java.lang.Object)'> (0x0000000090a06670) 
thrown [s\open\src\hotspot\share\interpreter\linkResolver.cpp, line 805]
Event: 0.678 Thread 0x000001fae6ff0970 Exception <a 'java/lang/NoSuchMethodError'{0x0000000090a160b8}: 'int java.lang.invoke.DirectMethodHandle$Holder.invokeStatic(java.lang.Object, java.lang.Object, java.lang.Object, java.lang.Object)'> (0x0000000090a160b8) 
thrown [s\open\src\hotspot\share\interpreter\linkResolver.cpp, line 805]
Event: 0.769 Thread 0x000001fae6ff0970 Exception <a 'java/lang/NoSuchMethodError'{0x000000009085bc18}: 'int java.lang.invoke.DirectMethodHandle$Holder.invokeSpecial(java.lang.Object, java.lang.Object, java.lang.Object)'> (0x000000009085bc18) 
thrown [s\open\src\hotspot\share\interpreter\linkResolver.cpp, line 805]
Event: 0.849 Thread 0x000001fae6ff0970 Exception <a 'java/lang/NoSuchMethodError'{0x000000009062d9c8}: 'void java.lang.invoke.DirectMethodHandle$Holder.invokeSpecial(java.lang.Object, java.lang.Object, int)'> (0x000000009062d9c8) 
thrown [s\open\src\hotspot\share\interpreter\linkResolver.cpp, line 805]
Event: 0.850 Thread 0x000001fae6ff0970 Exception <a 'java/lang/NoSuchMethodError'{0x00000000906355e8}: 'void java.lang.invoke.Invokers$Holder.invokeExact_MT(java.lang.Object, int, java.lang.Object)'> (0x00000000906355e8) 
thrown [s\open\src\hotspot\share\interpreter\linkResolver.cpp, line 805]
Event: 0.853 Thread 0x000001fae6ff0970 Exception <a 'java/lang/NoSuchMethodError'{0x000000009064ff18}: 'void java.lang.invoke.DirectMethodHandle$Holder.invokeStatic(java.lang.Object, java.lang.Object, int)'> (0x000000009064ff18) 
thrown [s\open\src\hotspot\share\interpreter\linkResolver.cpp, line 805]
Event: 0.854 Thread 0x000001fae6ff0970 Exception <a 'java/lang/NoSuchMethodError'{0x000000009065f008}: 'java.lang.Object java.lang.invoke.DirectMethodHandle$Holder.newInvokeSpecial(java.lang.Object, java.lang.Object, int)'> (0x000000009065f008) 
thrown [s\open\src\hotspot\share\interpreter\linkResolver.cpp, line 805]
Event: 0.855 Thread 0x000001fac60e7200 Exception <a 'java/lang/NoSuchMethodError'{0x0000000090681328}: 'long java.lang.invoke.DirectMethodHandle$Holder.invokeSpecial(java.lang.Object, java.lang.Object)'> (0x0000000090681328) 
thrown [s\open\src\hotspot\share\interpreter\linkResolver.cpp, line 805]
Event: 0.862 Thread 0x000001fae6ff0970 Exception <a 'sun/nio/fs/WindowsException'{0x00000000905149e8}> (0x00000000905149e8) 
thrown [s\open\src\hotspot\share\prims\jni.cpp, line 518]
Event: 0.867 Thread 0x000001fae6ff0970 Exception <a 'sun/nio/fs/WindowsException'{0x00000000905218b0}> (0x00000000905218b0) 
thrown [s\open\src\hotspot\share\prims\jni.cpp, line 518]
Event: 0.874 Thread 0x000001fae6ff0970 Exception <a 'sun/nio/fs/WindowsException'{0x0000000090533640}> (0x0000000090533640) 
thrown [s\open\src\hotspot\share\prims\jni.cpp, line 518]

VM Operations (10 events):
Event: 0.320 Executing VM operation: HandshakeAllThreads (Deoptimize)
Event: 0.320 Executing VM operation: HandshakeAllThreads (Deoptimize) done
Event: 0.346 Executing VM operation: HandshakeAllThreads (Deoptimize)
Event: 0.346 Executing VM operation: HandshakeAllThreads (Deoptimize) done
Event: 0.856 Executing VM operation: HandshakeAllThreads (Deoptimize)
Event: 0.857 Executing VM operation: HandshakeAllThreads (Deoptimize) done
Event: 0.860 Executing VM operation: HandshakeAllThreads (Deoptimize)
Event: 0.860 Executing VM operation: HandshakeAllThreads (Deoptimize) done
Event: 0.913 Executing VM operation: JFRSafepointClear
Event: 0.913 Executing VM operation: JFRSafepointClear done

Memory protections (0 events):
No events

Nmethod flushes (0 events):
No events

Events (15 events):
Event: 0.074 Thread 0x000001fae6ff0970 Thread added: 0x000001fae6ff0970
Event: 0.093 Thread 0x000001fae6ff0970 Thread added: 0x000001fae7186800
Event: 0.093 Thread 0x000001fae6ff0970 Thread added: 0x000001fae7188f50
Event: 0.094 Thread 0x000001fae6ff0970 Thread added: 0x000001fae718a070
Event: 0.094 Thread 0x000001fae6ff0970 Thread added: 0x000001fae718aef0
Event: 0.094 Thread 0x000001fae6ff0970 Thread added: 0x000001fac60e4f60
Event: 0.094 Thread 0x000001fae6ff0970 Thread added: 0x000001fac60e80a0
Event: 0.094 Thread 0x000001fae6ff0970 Thread added: 0x000001fac60fa560
Event: 0.094 Thread 0x000001fae6ff0970 Thread added: 0x000001fac60fb260
Event: 0.142 Thread 0x000001fae6ff0970 Thread added: 0x000001fac60e8f40
Event: 0.249 Thread 0x000001fac60fb260 Thread added: 0x000001fac60fd830
Event: 0.252 Thread 0x000001fac60fd830 Thread added: 0x000001fac60fd0a0
Event: 0.416 Thread 0x000001fae6ff0970 Thread added: 0x000001fac60e87f0
Event: 0.552 Thread 0x000001fae6ff0970 Thread added: 0x000001fac60e5c10
Event: 0.855 Thread 0x000001fae6ff0970 Thread added: 0x000001fac60e7200


Dynamic libraries:
0x00007ff7ae470000 - 0x00007ff7ae47e000 	C:\Users\moham\.jdks\openjdk-24\bin\java.exe
0x00007ffb73ce0000 - 0x00007ffb73f45000 	C:\WINDOWS\SYSTEM32\ntdll.dll
0x00007ffb72fc0000 - 0x00007ffb73089000 	C:\WINDOWS\System32\KERNEL32.DLL
0x00007ffb715d0000 - 0x00007ffb719b8000 	C:\WINDOWS\System32\KERNELBASE.dll
0x00007ffb70e30000 - 0x00007ffb70f7b000 	C:\WINDOWS\System32\ucrtbase.dll
0x00007ffb49b20000 - 0x00007ffb49b3b000 	C:\Users\moham\.jdks\openjdk-24\bin\VCRUNTIME140.dll
0x00007ffb60810000 - 0x00007ffb60826000 	C:\Users\moham\.jdks\openjdk-24\bin\jli.dll
0x00007ffb72cd0000 - 0x00007ffb72e9a000 	C:\WINDOWS\System32\USER32.dll
0x00007ffb71250000 - 0x00007ffb71277000 	C:\WINDOWS\System32\win32u.dll
0x00007ffb55e80000 - 0x00007ffb5611a000 	C:\WINDOWS\WinSxS\amd64_microsoft.windows.common-controls_6595b64144ccf1df_6.0.26100.4202_none_3e0698d4e335f517\COMCTL32.dll
0x00007ffb735f0000 - 0x00007ffb7361b000 	C:\WINDOWS\System32\GDI32.dll
0x00007ffb73b30000 - 0x00007ffb73bd9000 	C:\WINDOWS\System32\msvcrt.dll
0x00007ffb71490000 - 0x00007ffb715c7000 	C:\WINDOWS\System32\gdi32full.dll
0x00007ffb71020000 - 0x00007ffb710c3000 	C:\WINDOWS\System32\msvcp_win.dll
0x00007ffb71b00000 - 0x00007ffb71b30000 	C:\WINDOWS\System32\IMM32.DLL
0x00007ffb60690000 - 0x00007ffb6069c000 	C:\Users\moham\.jdks\openjdk-24\bin\vcruntime140_1.dll
0x00007ffb24490000 - 0x00007ffb2451e000 	C:\Users\moham\.jdks\openjdk-24\bin\msvcp140.dll
0x00007ffac66f0000 - 0x00007ffac7492000 	C:\Users\moham\.jdks\openjdk-24\bin\server\jvm.dll
0x00007ffb73be0000 - 0x00007ffb73c93000 	C:\WINDOWS\System32\ADVAPI32.dll
0x00007ffb730a0000 - 0x00007ffb73146000 	C:\WINDOWS\System32\sechost.dll
0x00007ffb72470000 - 0x00007ffb72585000 	C:\WINDOWS\System32\RPCRT4.dll
0x00007ffb71a80000 - 0x00007ffb71af4000 	C:\WINDOWS\System32\WS2_32.dll
0x00007ffb70690000 - 0x00007ffb706ee000 	C:\WINDOWS\SYSTEM32\POWRPROF.dll
0x00007ffb69200000 - 0x00007ffb69235000 	C:\WINDOWS\SYSTEM32\WINMM.dll
0x00007ffb69940000 - 0x00007ffb6994b000 	C:\WINDOWS\SYSTEM32\VERSION.dll
0x00007ffb705f0000 - 0x00007ffb70604000 	C:\WINDOWS\SYSTEM32\UMPDC.dll
0x00007ffb6fbf0000 - 0x00007ffb6fc0b000 	C:\WINDOWS\SYSTEM32\kernel.appcore.dll
0x00007ffb509b0000 - 0x00007ffb509ba000 	C:\Users\moham\.jdks\openjdk-24\bin\jimage.dll
0x00007ffb6e5e0000 - 0x00007ffb6e821000 	C:\WINDOWS\SYSTEM32\DBGHELP.DLL
0x00007ffb73150000 - 0x00007ffb734d5000 	C:\WINDOWS\System32\combase.dll
0x00007ffb728b0000 - 0x00007ffb72991000 	C:\WINDOWS\System32\OLEAUT32.dll
0x00007ffb557b0000 - 0x00007ffb557e9000 	C:\WINDOWS\SYSTEM32\dbgcore.DLL
0x00007ffb70f80000 - 0x00007ffb71019000 	C:\WINDOWS\System32\bcryptPrimitives.dll
0x00007ffb6d9b0000 - 0x00007ffb6d9bf000 	C:\Users\moham\.jdks\openjdk-24\bin\instrument.dll
0x00007ffb3fe10000 - 0x00007ffb3fe2e000 	C:\Users\moham\.jdks\openjdk-24\bin\java.dll
0x00007ffb729a0000 - 0x00007ffb72b3e000 	C:\WINDOWS\System32\ole32.dll
0x00007ffb71b40000 - 0x00007ffb72282000 	C:\WINDOWS\System32\SHELL32.dll
0x00007ffb710d0000 - 0x00007ffb71244000 	C:\WINDOWS\System32\wintypes.dll
0x00007ffb00610000 - 0x00007ffb0081e000 	C:\Users\moham\AppData\Local\Temp\idea_libasyncProfiler_dll_temp_folder4\libasyncProfiler.dll
0x00007ffb6ea60000 - 0x00007ffb6f2b8000 	C:\WINDOWS\SYSTEM32\windows.storage.dll
0x00007ffb734e0000 - 0x00007ffb735d1000 	C:\WINDOWS\System32\SHCORE.dll
0x00007ffb72ef0000 - 0x00007ffb72f5a000 	C:\WINDOWS\System32\shlwapi.dll
0x00007ffb70d40000 - 0x00007ffb70d6f000 	C:\WINDOWS\SYSTEM32\profapi.dll
0x00007ffb243b0000 - 0x00007ffb24487000 	C:\Users\moham\.jdks\openjdk-24\bin\jsvml.dll
0x00007ffb40ca0000 - 0x00007ffb40cb0000 	C:\Users\moham\.jdks\openjdk-24\bin\net.dll
0x00007ffb70160000 - 0x00007ffb701ca000 	C:\WINDOWS\system32\mswsock.dll
0x00007ffb36280000 - 0x00007ffb36296000 	C:\Users\moham\.jdks\openjdk-24\bin\nio.dll
0x00007ffb36260000 - 0x00007ffb36277000 	C:\Users\moham\.jdks\openjdk-24\bin\zip.dll
0x00007ffb6f6d0000 - 0x00007ffb6f7f7000 	C:\WINDOWS\SYSTEM32\DNSAPI.dll
0x00007ffb6f690000 - 0x00007ffb6f6c3000 	C:\WINDOWS\SYSTEM32\IPHLPAPI.DLL
0x00007ffb72770000 - 0x00007ffb7277a000 	C:\WINDOWS\System32\NSI.dll
0x00007ffb69820000 - 0x00007ffb6982b000 	C:\Windows\System32\rasadhlp.dll
0x00007ffb6b4f0000 - 0x00007ffb6b576000 	C:\WINDOWS\System32\fwpuclnt.dll
0x00007ffb6bab0000 - 0x00007ffb6baba000 	C:\Users\moham\.jdks\openjdk-24\bin\management.dll
0x00007ffb6ba20000 - 0x00007ffb6ba2b000 	C:\Users\moham\.jdks\openjdk-24\bin\management_ext.dll
0x00007ffb72b50000 - 0x00007ffb72b58000 	C:\WINDOWS\System32\PSAPI.DLL

dbghelp: loaded successfully - version: 4.0.5 - missing functions: none
symbol engine: initialized successfully - sym options: 0x614 - pdb path: .;C:\Users\moham\.jdks\openjdk-24\bin;C:\WINDOWS\SYSTEM32;C:\WINDOWS\WinSxS\amd64_microsoft.windows.common-controls_6595b64144ccf1df_6.0.26100.4202_none_3e0698d4e335f517;C:\Users\moham\.jdks\openjdk-24\bin\server;C:\Users\moham\AppData\Local\Temp\idea_libasyncProfiler_dll_temp_folder4

VM Arguments:
jvm_args: --enable-preview -javaagent:C:\Program Files\JetBrains\IntelliJ IDEA 2024.3.4.1\lib\idea_rt.jar=53828 -agentpath:C:\Users\moham\AppData\Local\Temp\idea_libasyncProfiler_dll_temp_folder4\libasyncProfiler.dll=start,jfr,event=wall,interval=10ms,jfrsync=profile,cstack=no,file=C:\Users\moham\IdeaSnapshots\Main_2025_07_04_151104.jfr,dbghelppath=C:\Users\moham\AppData\Local\Temp\idea_dbghelp_dll_temp_folder\dbghelp.dll,log=C:\Users\moham\AppData\Local\Temp\Main_2025_07_04_151104.jfr.log.txt,logLevel=DEBUG -Dfile.encoding=UTF-8 -Dsun.stdout.encoding=UTF-8 -Dsun.stderr.encoding=UTF-8 --module-path=C:\Users\moham\.m2\repository\net\synedra\validatorfx\0.5.0\validatorfx-0.5.0.jar;C:\Users\moham\.m2\repository\eu\hansolo\toolboxfx\21.0.3\toolboxfx-21.0.3.jar;C:\Users\moham\Documents\Kuliah STIS\Semester 4\PBO\PROSES PROJEK AKHIR\Mungkin-Akhir\demo13\demo6\target\classes;C:\Users\moham\.m2\repository\org\openjfx\javafx-fxml\17.0.6\javafx-fxml-17.0.6-win.jar;C:\Users\moham\.m2\repository\org\openjfx\javafx-base\17.0.6\javafx-base-17.0.6-win.jar;C:\Users\moham\.m2\repository\org\openjfx\javafx-controls\17.0.6\javafx-controls-17.0.6-win.jar;C:\Users\moham\.m2\repository\org\openjfx\javafx-web\17.0.6\javafx-web-17.0.6-win.jar;C:\Users\moham\.m2\repository\org\kordamp\bootstrapfx\bootstrapfx-core\0.4.0\bootstrapfx-core-0.4.0.jar;C:\Users\moham\.m2\repository\org\openjfx\javafx-graphics\17.0.6\javafx-graphics-17.0.6-win.jar;C:\Users\moham\.m2\repository\org\controlsfx\controlsfx\11.2.1\controlsfx-11.2.1.jar;C:\Users\moham\.m2\repository\org\openjfx\javafx-swing\17.0.6\javafx-swing-17.0.6-win.jar;C:\Users\moham\.m2\repository\com\dlsc\formsfx\formsfx-core\11.6.0\formsfx-core-11.6.0.jar;C:\Users\moham\.m2\repository\eu\hansolo\fx\heatmap\21.0.3\heatmap-21.0.3.jar;C:\Users\moham\.m2\repository\org\openjfx\javafx-media\17.0.6\javafx-media-17.0.6-win.jar;C:\Users\moham\.m2\repository\eu\hansolo\fx\countries\21.0.3\countries-21.0.3.jar;C:\Users\moham\.m2\repository\eu\hansolo\tilesfx\21.0.3\tilesfx-21.0.3.jar;C:\Users\moham\.m2\repository\org\mindrot\jbcrypt\0.4\jbcrypt-0.4.jar;C:\Users\moham\.m2\repository\org\kordamp\ikonli\ikonli-javafx\12.3.1\ikonli-javafx-12.3.1.jar;C:\Users\moham\.m2\repository\org\kordamp\ikonli\ikonli-core\12.3.1\ikonli-core-12.3.1.jar;C:\Users\moham\.m2\repository\eu\hansolo\toolbox\21.0.5\toolbox-21.0.5.jar -Djdk.module.main=com.demo5 
java_command: com.demo5/com.attendance.Main
java_class_path (initial): C:\Users\moham\.m2\repository\org\openjfx\javafx-controls\17.0.6\javafx-controls-17.0.6.jar;C:\Users\moham\.m2\repository\org\openjfx\javafx-graphics\17.0.6\javafx-graphics-17.0.6.jar;C:\Users\moham\.m2\repository\org\openjfx\javafx-base\17.0.6\javafx-base-17.0.6.jar;C:\Users\moham\.m2\repository\org\openjfx\javafx-fxml\17.0.6\javafx-fxml-17.0.6.jar;C:\Users\moham\.m2\repository\org\openjfx\javafx-web\17.0.6\javafx-web-17.0.6.jar;C:\Users\moham\.m2\repository\org\openjfx\javafx-media\17.0.6\javafx-media-17.0.6.jar;C:\Users\moham\.m2\repository\org\openjfx\javafx-swing\17.0.6\javafx-swing-17.0.6.jar;C:\Users\moham\.m2\repository\com\mysql\mysql-connector-j\8.0.33\mysql-connector-j-8.0.33.jar;C:\Users\moham\.m2\repository\com\google\protobuf\protobuf-java\3.21.9\protobuf-java-3.21.9.jar
Launcher Type: SUN_STANDARD

[Global flags]
     intx CICompilerCount                          = 4                                         {product} {ergonomic}
     uint ConcGCThreads                            = 3                                         {product} {ergonomic}
     bool FlightRecorder                           = true                                      {product} {management}
     uint G1ConcRefinementThreads                  = 10                                        {product} {ergonomic}
   size_t G1HeapRegionSize                         = 1048576                                   {product} {ergonomic}
   size_t InitialHeapSize                          = 123731968                                 {product} {ergonomic}
   size_t MarkStackSize                            = 4194304                                   {product} {ergonomic}
   size_t MarkStackSizeMax                         = 536870912                                 {product} {ergonomic}
   size_t MaxHeapSize                              = 1973420032                                {product} {ergonomic}
   size_t MaxNewSize                               = 1183842304                                {product} {ergonomic}
   size_t MinHeapDeltaBytes                        = 1048576                                   {product} {ergonomic}
   size_t MinHeapSize                              = 8388608                                   {product} {ergonomic}
    uintx NonNMethodCodeHeapSize                   = 5832704                                {pd product} {ergonomic}
    uintx NonProfiledCodeHeapSize                  = 122945536                              {pd product} {ergonomic}
    uintx ProfiledCodeHeapSize                     = 122880000                              {pd product} {ergonomic}
    uintx ReservedCodeCacheSize                    = 251658240                              {pd product} {ergonomic}
     bool SegmentedCodeCache                       = true                                      {product} {ergonomic}
   size_t SoftMaxHeapSize                          = 1973420032                             {manageable} {ergonomic}
     bool UseCompressedOops                        = true                           {product lp64_product} {ergonomic}
     bool UseG1GC                                  = true                                      {product} {ergonomic}
     bool UseLargePagesIndividualAllocation        = false                                  {pd product} {ergonomic}

Logging:
Log output configuration:
 #0: stdout all=warning uptime,level,tags foldmultilines=false
 #1: stderr all=off uptime,level,tags foldmultilines=false

Environment Variables:
JAVA_HOME=C:\Program Files\Eclipse Adoptium\jdk-17.0.14.7-hotspot\
PATH=C:\Program Files\Common Files\Oracle\Java\javapath;C:\Program Files\Eclipse Adoptium\jdk-17.0.14.7-hotspot\bin;C:\windows\system32;C:\windows;C:\windows\System32\Wbem;C:\windows\System32\WindowsPowerShell\v1.0\;C:\Program Files\Python312\;C:\windows\System32\OpenSSH\;C:\Program Files\Python312\Scripts\;C:\Program Files\HP\HP One Agent;C:\msys64\ucrt64\bin;C:\FPC\3.2.2\bin\i386-Win32;;C:\WINDOWS\system32;C:\WINDOWS;C:\WINDOWS\System32\Wbem;C:\WINDOWS\System32\WindowsPowerShell\v1.0\;C:\WINDOWS\System32\OpenSSH\;C:\Program Files\nodejs\;C:\xampp\php;C:\ProgramData\ComposerSetup\bin;C:\Users\moham\AppData\Local\Microsoft\WindowsApps;C:\msys64\ucrt64\bin;C:\Users\moham\AppData\Local\Programs\Microsoft VS Code\bin;C:\Program Files\MongoDB\Server\8.0\bin;C:\Users\moham\AppData\Local\Programs\mongosh\;C:\Nmap;C:\Program Files\JetBrains\IntelliJ IDEA 2024.3.4.1\bin;;C:\Users\moham\AppData\Roaming\npm;C:\Users\moham\AppData\Roaming\Composer\vendor\bin
USERNAME=moham
OS=Windows_NT
PROCESSOR_IDENTIFIER=AMD64 Family 25 Model 80 Stepping 0, AuthenticAMD
TMP=C:\Users\moham\AppData\Local\Temp
TEMP=C:\Users\moham\AppData\Local\Temp




Periodic native trim disabled

---------------  S Y S T E M  ---------------

OS:
 Windows 11 , 64 bit Build 26100 (10.0.26100.4202)
OS uptime: 0 days 1:55 hours
Hyper-V role detected

CPU: total 12 (initial active 12) (12 cores per cpu, 2 threads per core) family 25 model 80 stepping 0 microcode 0xa50000f, cx8, cmov, fxsr, ht, mmx, 3dnowpref, sse, sse2, sse3, ssse3, sse4a, sse4.1, sse4.2, popcnt, lzcnt, tsc, tscinvbit, avx, avx2, aes, erms, clmul, bmi1, bmi2, adx, sha, fma, vzeroupper, clflush, clflushopt, hv, rdtscp, rdpid, fsrm, f16c, cet_ss
Processor Information for the first 12 processors :
  Max Mhz: 2301, Current Mhz: 2010, Mhz Limit: 2301

Memory: 4k page, system-wide physical 7520M (718M free)
TotalPageFile size 20320M (AvailPageFile size 5181M)
current process WorkingSet (physical memory assigned to process): 113M, peak: 113M
current process commit charge ("private bytes"): 272M, peak: 285M

vm_info: OpenJDK 64-Bit Server VM (24+36-3646) for windows-amd64 JRE (24+36-3646), built on 2025-02-06T00:20:43Z with MS VC++ 17.6 (VS2022)

END.
